
Currently Loaded Modules:
  1) calcua/all
  2) intel/2020a
  3) baselibs/2020a-GCCcore-9.3.0
  4) X11/2020a-GCCcore-9.3.0
  5) Tk/8.6.10-intel-2020a
  6) HDF5/1.10.6-intel-2020a-MPI
  7) METIS/5.1.0-intel-2020a-i32-fp64
  8) SuiteSparse/5.7.1-intel-2020a-METIS-5.1.0
  9) numba/0.49.1-intel-2020a-Python-3.8.3
 10) buildtools/2020a
 11) git/2.36.1
 12) gh/2.11.3
 13) GCCcore/11.3.0
 14) zlib/1.2.12-GCCcore-11.3.0
 15) binutils/2.38-GCCcore-11.3.0
 16) bzip2/1.0.8-GCCcore-11.3.0
 17) ncurses/6.3-GCCcore-11.3.0
 18) libreadline/8.1.2-GCCcore-11.3.0
 19) Tcl/8.6.12-GCCcore-11.3.0
 20) SQLite/3.38.3-GCCcore-11.3.0
 21) XZ/5.2.5-GCCcore-11.3.0
 22) GMP/6.2.1-GCCcore-11.3.0
 23) libffi/3.4.2-GCCcore-11.3.0
 24) OpenSSL/1.1
 25) Python/3.10.4-GCCcore-11.3.0
 26) NASM/2.15.05-GCCcore-11.3.0
 27) libjpeg-turbo/2.1.3-GCCcore-11.3.0
 28) libpng/1.6.37-GCCcore-11.3.0
 29) jbigkit/2.1-GCCcore-11.3.0
 30) gzip/1.12-GCCcore-11.3.0
 31) lz4/1.9.3-GCCcore-11.3.0
 32) zstd/1.5.2-GCCcore-11.3.0
 33) libdeflate/1.10-GCCcore-11.3.0
 34) LibTIFF/4.3.0-GCCcore-11.3.0
 35) Brotli/1.0.9-GCCcore-11.3.0
 36) freetype/2.12.1-GCCcore-11.3.0
 37) Pillow/9.1.1-GCCcore-11.3.0
 38) GCC/11.3.0
 39) numactl/2.0.14-GCCcore-11.3.0
 40) libxml2/2.9.13-GCCcore-11.3.0
 41) libpciaccess/0.16-GCCcore-11.3.0
 42) hwloc/2.7.1-GCCcore-11.3.0
 43) libevent/2.1.12-GCCcore-11.3.0
 44) UCX/1.12.1-GCCcore-11.3.0
 45) libfabric/1.15.1-GCCcore-11.3.0
 46) PMIx/4.1.2-GCCcore-11.3.0
 47) UCC/1.0.0-GCCcore-11.3.0
 48) OpenMPI/4.1.4-GCC-11.3.0
 49) OpenBLAS/0.3.20-GCC-11.3.0
 50) FlexiBLAS/3.2.0-GCC-11.3.0
 51) FFTW/3.3.10-GCC-11.3.0
 52) gompi/2022a
 53) FFTW.MPI/3.3.10-gompi-2022a
 54) ScaLAPACK/2.2.0-gompi-2022a-fb
 55) foss/2022a
 56) pybind11/2.9.2-GCCcore-11.3.0
 57) SciPy-bundle/2022.05-foss-2022a
Total runtime:  0.741992279
50 1000
