
Currently Loaded Modules:
  1) calcua/all
  2) intel/2020a
  3) baselibs/2020a-GCCcore-9.3.0
  4) X11/2020a-GCCcore-9.3.0
  5) Tk/8.6.10-intel-2020a
  6) HDF5/1.10.6-intel-2020a-MPI
  7) METIS/5.1.0-intel-2020a-i32-fp64
  8) SuiteSparse/5.7.1-intel-2020a-METIS-5.1.0
  9) numba/0.49.1-intel-2020a-Python-3.8.3
 10) buildtools/2020a
 11) git/2.36.1
 12) gh/2.11.3
 13) GCCcore/11.3.0
 14) zlib/1.2.12-GCCcore-11.3.0
 15) binutils/2.38-GCCcore-11.3.0
 16) bzip2/1.0.8-GCCcore-11.3.0
 17) ncurses/6.3-GCCcore-11.3.0
 18) libreadline/8.1.2-GCCcore-11.3.0
 19) Tcl/8.6.12-GCCcore-11.3.0
 20) SQLite/3.38.3-GCCcore-11.3.0
 21) XZ/5.2.5-GCCcore-11.3.0
 22) GMP/6.2.1-GCCcore-11.3.0
 23) libffi/3.4.2-GCCcore-11.3.0
 24) OpenSSL/1.1
 25) Python/3.10.4-GCCcore-11.3.0
 26) NASM/2.15.05-GCCcore-11.3.0
 27) libjpeg-turbo/2.1.3-GCCcore-11.3.0
 28) libpng/1.6.37-GCCcore-11.3.0
 29) jbigkit/2.1-GCCcore-11.3.0
 30) gzip/1.12-GCCcore-11.3.0
 31) lz4/1.9.3-GCCcore-11.3.0
 32) zstd/1.5.2-GCCcore-11.3.0
 33) libdeflate/1.10-GCCcore-11.3.0
 34) LibTIFF/4.3.0-GCCcore-11.3.0
 35) Brotli/1.0.9-GCCcore-11.3.0
 36) freetype/2.12.1-GCCcore-11.3.0
 37) Pillow/9.1.1-GCCcore-11.3.0
 38) GCC/11.3.0
 39) numactl/2.0.14-GCCcore-11.3.0
 40) libxml2/2.9.13-GCCcore-11.3.0
 41) libpciaccess/0.16-GCCcore-11.3.0
 42) hwloc/2.7.1-GCCcore-11.3.0
 43) libevent/2.1.12-GCCcore-11.3.0
 44) UCX/1.12.1-GCCcore-11.3.0
 45) libfabric/1.15.1-GCCcore-11.3.0
 46) PMIx/4.1.2-GCCcore-11.3.0
 47) UCC/1.0.0-GCCcore-11.3.0
 48) OpenMPI/4.1.4-GCC-11.3.0
 49) OpenBLAS/0.3.20-GCC-11.3.0
 50) FlexiBLAS/3.2.0-GCC-11.3.0
 51) FFTW/3.3.10-GCC-11.3.0
 52) gompi/2022a
 53) FFTW.MPI/3.3.10-gompi-2022a
 54) ScaLAPACK/2.2.0-gompi-2022a-fb
 55) foss/2022a
 56) pybind11/2.9.2-GCCcore-11.3.0
 57) SciPy-bundle/2022.05-foss-2022a
64
Node 31 -- execution time: 93.720613137 seconden.
64
Node 8 -- execution time: 93.785135993 seconden.
64
Node 34 -- execution time: 94.106909095 seconden.
64
Node 30 -- execution time: 94.307300385 seconden.
64
Node 40 -- execution time: 94.377753637 seconden.
64
Node 6 -- execution time: 94.546065052 seconden.
64
Node 11 -- execution time: 94.589310322 seconden.
64
Node 15 -- execution time: 94.631096964 seconden.
64
Node 23 -- execution time: 94.693008211 seconden.
64
Node 3 -- execution time: 94.71856149 seconden.
64
Node 49 -- execution time: 94.753048288 seconden.
64
Node 50 -- execution time: 94.757187903 seconden.
64
Node 20 -- execution time: 94.969402557 seconden.
64
Node 27 -- execution time: 95.029008519 seconden.
64
Node 18 -- execution time: 95.105517616 seconden.
64
Node 19 -- execution time: 95.128384377 seconden.
64
Node 4 -- execution time: 95.133364109 seconden.
64
Node 24 -- execution time: 95.224059293 seconden.
64
Node 5 -- execution time: 95.279433553 seconden.
64
Node 0 -- execution time: 95.292187752 seconden.
64
Node 53 -- execution time: 95.333649961 seconden.
64
Node 52 -- execution time: 95.404688424 seconden.
64
Node 17 -- execution time: 95.458022435 seconden.
64
Node 57 -- execution time: 95.466535951 seconden.
64
Node 43 -- execution time: 95.534951627 seconden.
64
Node 25 -- execution time: 95.643507899 seconden.
64
Node 33 -- execution time: 95.70268456 seconden.
64
Node 22 -- execution time: 95.716132148 seconden.
64
Node 12 -- execution time: 95.79234924 seconden.
64
Node 1 -- execution time: 95.798092179 seconden.
64
Node 47 -- execution time: 95.818758815 seconden.
64
Node 26 -- execution time: 95.819942586 seconden.
64
Node 37 -- execution time: 95.867800484 seconden.
64
Node 56 -- execution time: 96.117024546 seconden.
64
Node 60 -- execution time: 96.135225029 seconden.
64
Node 54 -- execution time: 96.144260548 seconden.
64
Node 44 -- execution time: 96.183227076 seconden.
64
Node 59 -- execution time: 96.257431058 seconden.
64
Node 16 -- execution time: 96.268007873 seconden.
64
Node 45 -- execution time: 96.295755756 seconden.
64
Node 48 -- execution time: 96.318631847 seconden.
64
Node 61 -- execution time: 96.328839647 seconden.
64
Node 46 -- execution time: 96.331620892 seconden.
64
Node 51 -- execution time: 96.350102052 seconden.
64
Node 28 -- execution time: 96.376113313 seconden.
64
Node 39 -- execution time: 96.465493148 seconden.
64
Node 36 -- execution time: 96.490302948 seconden.
64
Node 13 -- execution time: 96.519983901 seconden.
64
Node 32 -- execution time: 96.740647062 seconden.
64
Node 9 -- execution time: 96.784145588 seconden.
64
Node 7 -- execution time: 96.795824495 seconden.
64
Node 42 -- execution time: 96.80125815 seconden.
64
Node 41 -- execution time: 96.826510362 seconden.
64
Node 10 -- execution time: 97.049891251 seconden.
64
Node 14 -- execution time: 97.368763538 seconden.
64
Node 35 -- execution time: 97.374354291 seconden.
64
Node 63 -- execution time: 97.467447287 seconden.
64
Node 21 -- execution time: 97.67973924 seconden.
64
Node 55 -- execution time: 97.682600734 seconden.
64
Node 2 -- execution time: 97.714832388 seconden.
64
Node 58 -- execution time: 98.066053707 seconden.
64
Node 29 -- execution time: 98.070050754 seconden.
64
Node 62 -- execution time: 98.415893047 seconden.
64
Node 38 -- execution time: 98.613609089 seconden.
